<?xml version="1.0" encoding="UTF-8"?>
<testsuite xmlns:xsi="http://www.w3.org/2001/XMLSchema-instance" xsi:noNamespaceSchemaLocation="https://maven.apache.org/surefire/maven-surefire-plugin/xsd/surefire-test-report-3.0.xsd" version="3.0" name="edu.school21.repositories.EmbeddedDataSourceTest" time="0.241" tests="1" errors="0" skipped="0" failures="0">
  <properties>
[...]
</properties>
  <testcase name="testGetConnection" classname="edu.school21.repositories.EmbeddedDataSourceTest" time="0.24">
    <system-out><![CDATA[16:39:36.794 [main] INFO org.springframework.jdbc.datasource.embedded.EmbeddedDatabaseFactory - Starting embedded database: url='jdbc:hsqldb:mem:testdb', username='sa'
16:39:36.798 [main] DEBUG org.springframework.jdbc.datasource.DataSourceUtils - Fetching JDBC Connection from DataSource
16:39:36.798 [main] DEBUG org.springframework.jdbc.datasource.SimpleDriverDataSource - Creating new JDBC Driver Connection to [jdbc:hsqldb:mem:testdb]
16:39:36.933 [main] DEBUG org.springframework.jdbc.datasource.init.ScriptUtils - Executing SQL script from class path resource [schema.sql]
16:39:36.936 [main] DEBUG org.springframework.jdbc.datasource.init.ScriptUtils - 0 returned as update count for SQL: CREATE TABLE product( id INT NOT NULL , name VARCHAR(150) NOT NULL , price INT NOT NULL )
16:39:36.936 [main] DEBUG org.springframework.jdbc.datasource.init.ScriptUtils - Executed SQL script from class path resource [schema.sql] in 3 ms.
16:39:36.936 [main] DEBUG org.springframework.jdbc.datasource.init.ScriptUtils - Executing SQL script from class path resource [data.sql]
16:39:36.937 [main] DEBUG org.springframework.jdbc.datasource.init.ScriptUtils - 1 returned as update count for SQL: INSERT INTO product(id, name, price) VALUES(1, 'cola', 70)
16:39:36.938 [main] DEBUG org.springframework.jdbc.datasource.init.ScriptUtils - 1 returned as update count for SQL: INSERT INTO product(id, name, price) VALUES(2, 'chocolate', 50)
16:39:36.938 [main] DEBUG org.springframework.jdbc.datasource.init.ScriptUtils - 1 returned as update count for SQL: INSERT INTO product(id, name, price) VALUES(3, 'chicken', 300)
16:39:36.938 [main] DEBUG org.springframework.jdbc.datasource.init.ScriptUtils - 1 returned as update count for SQL: INSERT INTO product(id, name, price) VALUES(4, 'water', 30)
16:39:36.938 [main] DEBUG org.springframework.jdbc.datasource.init.ScriptUtils - 1 returned as update count for SQL: INSERT INTO product(id, name, price) VALUES(5, 'chips', 120)
16:39:36.938 [main] DEBUG org.springframework.jdbc.datasource.init.ScriptUtils - 1 returned as update count for SQL: INSERT INTO product(id, name, price) VALUES(6, 'milk', 60)
16:39:36.939 [main] DEBUG org.springframework.jdbc.datasource.init.ScriptUtils - 1 returned as update count for SQL: INSERT INTO product(id, name, price) VALUES(7, 'pears', 200)
16:39:36.939 [main] DEBUG org.springframework.jdbc.datasource.init.ScriptUtils - Executed SQL script from class path resource [data.sql] in 3 ms.
16:39:36.941 [main] DEBUG org.springframework.jdbc.datasource.SimpleDriverDataSource - Creating new JDBC Driver Connection to [jdbc:hsqldb:mem:testdb]
]]></system-out>
  </testcase>
</testsuite>